[2025-12-18T04:33:45.012Z] Create Request Body: {"client_id":1,"device_details":"Test Device","issue_description":"Test Loop","status":"reçue","cost_estimate":100,"warranty":90,"parts":[]}
[2025-12-18T04:34:56.587Z] Create Request Body: {"client_id":5,"device_details":"Apple iPhone 15 Pro Max","issue_description":"screen - ","status":"reçue","cost_estimate":100,"parts":["20"],"warranty":90}
[2025-12-19T05:29:09.548Z] Create Request Body: {"client_id":3,"device_details":"Apple iPhone 15 Pro Max","issue_description":"screen - 2001","status":"reçue","cost_estimate":100,"parts":["20"],"warranty":90}
[2025-12-19T05:31:54.533Z] Create Request Body: {"client_id":3,"device_details":"Apple iPhone 15 Pro Max","issue_description":"screen - ","status":"reçue","cost_estimate":100,"parts":["20"],"warranty":90}
[2025-12-20T21:15:13.567Z] Create Request Body: {"client_id":5,"device_details":"Apple iPhone 15 Pro Max","issue_description":"screen - ","status":"reçue","cost_estimate":100,"parts":["20"],"warranty":90}
[2025-12-20T21:32:31.419Z] Create Request Body: {"client_id":3,"device_details":"Apple iPhone 15 Pro Max","issue_description":"screen - ","status":"reçue","cost_estimate":100,"parts":["20"],"warranty":90}
[2025-12-20T21:43:25.234Z] Create Request Body: {"client_id":1,"device_details":"Apple iPhone 15 Pro Max","issue_description":"screen - ffgweghrehwer","status":"reçue","cost_estimate":100,"parts":["20"],"warranty":90}
[2025-12-20T21:51:18.841Z] Create Request Body: {"client_id":2,"device_details":"Apple iPhone 15 Pro Max","issue_description":"screen - ","status":"reçue","cost_estimate":150,"parts":["21"],"warranty":90}
[2025-12-20T22:01:09.065Z] Create Request Body: {"client_id":3,"device_details":"Apple iPhone 15 Pro Max","issue_description":"screen - ","status":"reçue","cost_estimate":100,"parts":["20"],"warranty":90}
[2025-12-20T22:04:36.118Z] Create Request Body: {"client_id":3,"device_details":"Apple iPhone 15 Pro Max","issue_description":"screen - ","status":"reçue","cost_estimate":100,"parts":["20"],"warranty":90}
[2025-12-20T22:08:03.913Z] Create Request Body: {"client_id":4,"device_details":"Apple iPhone 15 Pro Max","issue_description":"screen - ","status":"reçue","cost_estimate":100,"parts":["20"],"warranty":90}
[2025-12-20T22:10:16.966Z] Create Request Body: {"client_id":3,"device_details":"Apple iPhone 15 Pro Max","issue_description":"screen - ","status":"reçue","cost_estimate":100,"parts":["20"],"warranty":90}
[2025-12-20T22:14:28.216Z] Create Request Body: {"client_id":4,"device_details":"Apple iPhone 15 Pro Max","issue_description":"battery - ","status":"reçue","cost_estimate":100,"parts":["20"],"warranty":90}
[2025-12-20T22:17:26.358Z] Create Request Body: {"client_id":3,"device_details":"Apple iPhone 15 Pro Max","issue_description":"screen - ","status":"reçue","cost_estimate":100,"parts":["20"],"notes":"uiytuyhioyu","warranty":90}
[2025-12-20T22:50:21.868Z] Create Request Body: {"client_id":4,"device_details":"Apple iPhone 15 Pro Max","issue_description":"screen - ","status":"reçue","cost_estimate":100,"parts":["20"],"notes":"tregthgehbefnh","warranty":90}
[2025-12-20T23:41:52.484Z] Create Request Body: {"client_id":4,"device_details":"Apple iPhone 15 Pro Max","issue_description":"screen - ","status":"reçue","cost_estimate":100,"parts":["20"],"notes":"eccran casse","warranty":90}
[2025-12-21T00:49:29.722Z] Create Request Body: {"client_id":2,"device_details":"Apple iPhone 15 Pro Max","issue_description":"screen - ","status":"reçue","cost_estimate":100,"parts":["20"],"notes":"ftyhtgj","warranty":90}
[2025-12-21T00:49:29.733Z] Controller Error: finalWarranty is not defined
Stack: ReferenceError: finalWarranty is not defined
    at Module.createRepair (C:\Users\hassa\Desktop\Dr.Phone Manager UI Design (1)\backend\src\services\repairService.ts:16:88)
    at createRepair (C:\Users\hassa\Desktop\Dr.Phone Manager UI Design (1)\backend\src\controllers\repairController.ts:21:44)
    at Layer.handleRequest (C:\Users\hassa\Desktop\Dr.Phone Manager UI Design (1)\backend\node_modules\router\lib\layer.js:152:17)
    at next (C:\Users\hassa\Desktop\Dr.Phone Manager UI Design (1)\backend\node_modules\router\lib\route.js:157:13)
    at Route.dispatch (C:\Users\hassa\Desktop\Dr.Phone Manager UI Design (1)\backend\node_modules\router\lib\route.js:117:3)
    at handle (C:\Users\hassa\Desktop\Dr.Phone Manager UI Design (1)\backend\node_modules\router\index.js:435:11)
    at Layer.handleRequest (C:\Users\hassa\Desktop\Dr.Phone Manager UI Design (1)\backend\node_modules\router\lib\layer.js:152:17)
    at C:\Users\hassa\Desktop\Dr.Phone Manager UI Design (1)\backend\node_modules\router\index.js:295:15
    at processParams (C:\Users\hassa\Desktop\Dr.Phone Manager UI Design (1)\backend\node_modules\router\index.js:582:12)
    at next (C:\Users\hassa\Desktop\Dr.Phone Manager UI Design (1)\backend\node_modules\router\index.js:291:5)
[2025-12-21T00:49:40.317Z] Create Request Body: {"client_id":2,"device_details":"Apple iPhone 15 Pro Max","issue_description":"screen - ","status":"reçue","cost_estimate":100,"parts":["20"],"notes":"ftyhtgj","warranty":90}
[2025-12-21T00:49:40.331Z] Controller Error: finalWarranty is not defined
Stack: ReferenceError: finalWarranty is not defined
    at Module.createRepair (C:\Users\hassa\Desktop\Dr.Phone Manager UI Design (1)\backend\src\services\repairService.ts:16:88)
    at createRepair (C:\Users\hassa\Desktop\Dr.Phone Manager UI Design (1)\backend\src\controllers\repairController.ts:21:44)
    at Layer.handleRequest (C:\Users\hassa\Desktop\Dr.Phone Manager UI Design (1)\backend\node_modules\router\lib\layer.js:152:17)
    at next (C:\Users\hassa\Desktop\Dr.Phone Manager UI Design (1)\backend\node_modules\router\lib\route.js:157:13)
    at Route.dispatch (C:\Users\hassa\Desktop\Dr.Phone Manager UI Design (1)\backend\node_modules\router\lib\route.js:117:3)
    at handle (C:\Users\hassa\Desktop\Dr.Phone Manager UI Design (1)\backend\node_modules\router\index.js:435:11)
    at Layer.handleRequest (C:\Users\hassa\Desktop\Dr.Phone Manager UI Design (1)\backend\node_modules\router\lib\layer.js:152:17)
    at C:\Users\hassa\Desktop\Dr.Phone Manager UI Design (1)\backend\node_modules\router\index.js:295:15
    at processParams (C:\Users\hassa\Desktop\Dr.Phone Manager UI Design (1)\backend\node_modules\router\index.js:582:12)
    at next (C:\Users\hassa\Desktop\Dr.Phone Manager UI Design (1)\backend\node_modules\router\index.js:291:5)
[2025-12-21T00:52:46.541Z] Create Request Body: {"client_id":2,"device_details":"Apple iPhone 15 Pro Max","issue_description":"screen - ","status":"reçue","cost_estimate":100,"parts":["20"],"notes":"ftyhtgj","warranty":90}
[2025-12-21T17:29:13.934Z] Create Request Body: {"client_id":1,"device_details":"API Test Device","issue_description":"Screen Broken","status":"reçue","cost_estimate":120,"piecesUtilisees":[{"id":"screen","name":"Screen","price":50,"quantity":1}]}
